Flutter crash report.
Please report a bug at https://github.com/flutter/flutter/issues.

## command

flutter run

## exception

FileSystemException: FileSystemException: readInto failed, path = '/Users/zuhriashroff/Desktop/crafted_well_mobile_app/build/c8d7f0d5851ffe446d40c7133c0ebbbd/_composite.stamp' (OS Error: Operation timed out, errno = 60)

```
#0      _RandomAccessFile.readIntoSync (dart:io/file_impl.dart:835:7)
#1      _File.readAsBytesSync (dart:io/file_impl.dart:593:35)
#2      _File.readAsStringSync (dart:io/file_impl.dart:624:18)
#3      ForwardingFile.readAsStringSync (package:file/src/forwarding/forwarding_file.dart:99:16)
#4      ErrorHandlingFile.readAsStringSync.<anonymous closure> (package:flutter_tools/src/base/error_handling_io.dart:230:22)
#5      _runSync (package:flutter_tools/src/base/error_handling_io.dart:600:14)
#6      ErrorHandlingFile.readAsStringSync (package:flutter_tools/src/base/error_handling_io.dart:229:12)
#7      new Node (package:flutter_tools/src/build_system/build_system.dart:1012:36)
#8      Target._toNode (package:flutter_tools/src/build_system/build_system.dart:162:12)
#9      FlutterBuildSystem.buildIncremental (package:flutter_tools/src/build_system/build_system.dart:698:30)
#10     ResidentRunner.runSourceGenerators (package:flutter_tools/src/resident_runner.dart:1274:44)
#11     HotRunner.restart (package:flutter_tools/src/run_hot.dart:780:11)
<asynchronous suspension>
#12     TerminalHandler._commonTerminalInputHandler (package:flutter_tools/src/resident_runner.dart:1796:40)
<asynchronous suspension>
#13     TerminalHandler.processTerminalInput (package:flutter_tools/src/resident_runner.dart:1836:7)
<asynchronous suspension>
```

## flutter doctor

```
[32m[✓][39m Flutter (Channel stable, 3.24.5, on macOS 14.2.1 23C71 darwin-arm64, locale en-LK)
    [32m•[39m Flutter version 3.24.5 on channel stable at /Users/zuhriashroff/Dev/flutter
    [32m•[39m Upstream repository https://github.com/flutter/flutter.git
    [32m•[39m Framework revision dec2ee5c1f (3 months ago), 2024-11-13 11:13:06 -0800
    [32m•[39m Engine revision a18df97ca5
    [32m•[39m Dart version 3.5.4
    [32m•[39m DevTools version 2.37.3

[33m[!][39m Android toolchain - develop for Android devices (Android SDK version 34.0.0)
    [32m•[39m Android SDK at /Users/zuhriashroff/Library/Android/sdk
    [32m•[39m Platform android-34, build-tools 34.0.0
    [32m•[39m Java binary at: /Applications/Android Studio.app/Contents/jbr/Contents/Home/bin/java
    [32m•[39m Java version OpenJDK Runtime Environment (build 17.0.6+0-17.0.6b829.9-10027231)
    [33m![39m Some Android licenses not accepted. To resolve this, run: flutter doctor --android-licenses

[32m[✓][39m Xcode - develop for iOS and macOS (Xcode 15.0.1)
    [32m•[39m Xcode at /Applications/Xcode.app/Contents/Developer
    [32m•[39m Build 15A507
    [32m•[39m CocoaPods version 1.15.2

[32m[✓][39m Chrome - develop for the web
    [32m•[39m Chrome at /Applications/Google Chrome.app/Contents/MacOS/Google Chrome

[32m[✓][39m Android Studio (version 2022.3)
    [32m•[39m Android Studio at /Applications/Android Studio.app/Contents
    [32m•[39m Flutter plugin can be installed from:
      🔨 https://plugins.jetbrains.com/plugin/9212-flutter
    [32m•[39m Dart plugin can be installed from:
      🔨 https://plugins.jetbrains.com/plugin/6351-dart
    [32m•[39m Java version OpenJDK Runtime Environment (build 17.0.6+0-17.0.6b829.9-10027231)

[32m[✓][39m VS Code (version 1.86.0)
    [32m•[39m VS Code at /Users/zuhriashroff/Desktop/Visual Studio Code.app/Contents
    [32m•[39m Flutter extension version 3.102.0

[32m[✓][39m Connected device (4 available)
    [32m•[39m sdk gphone64 arm64 (mobile)     • emulator-5554         • android-arm64  • Android 14 (API 34) (emulator)
    [32m•[39m macOS (desktop)                 • macos                 • darwin-arm64   • macOS 14.2.1 23C71 darwin-arm64
    [32m•[39m Mac Designed for iPad (desktop) • mac-designed-for-ipad • darwin         • macOS 14.2.1 23C71 darwin-arm64
    [32m•[39m Chrome (web)                    • chrome                • web-javascript • Google Chrome 132.0.6834.111

[32m[✓][39m Network resources
    [32m•[39m All expected network resources are available.

[33m![39m Doctor found issues in 1 category.
```
